{"C:\\Users\\dinam\\OneDrive\\Desktop\\antigravityprojects\\jandarma\\Gendarme\\lib\\cleanup.ts": {"path":"C:\\Users\\dinam\\OneDrive\\Desktop\\antigravityprojects\\jandarma\\Gendarme\\lib\\cleanup.ts","statementMap":{"0":{"start":{"line":11,"column":19},"end":{"line":11,"column":38}},"1":{"start":{"line":19,"column":2},"end":{"line":21,"column":3}},"2":{"start":{"line":20,"column":4},"end":{"line":20,"column":11}},"3":{"start":{"line":23,"column":2},"end":{"line":53,"column":3}},"4":{"start":{"line":24,"column":21},"end":{"line":24,"column":46}},"5":{"start":{"line":25,"column":18},"end":{"line":25,"column":63}},"6":{"start":{"line":26,"column":16},"end":{"line":26,"column":26}},"7":{"start":{"line":27,"column":18},"end":{"line":27,"column":19}},"8":{"start":{"line":29,"column":4},"end":{"line":46,"column":5}},"9":{"start":{"line":31,"column":6},"end":{"line":31,"column":47}},"10":{"start":{"line":31,"column":38},"end":{"line":31,"column":47}},"11":{"start":{"line":33,"column":23},"end":{"line":33,"column":47}},"12":{"start":{"line":34,"column":6},"end":{"line":45,"column":7}},"13":{"start":{"line":35,"column":21},"end":{"line":35,"column":60}},"14":{"start":{"line":36,"column":8},"end":{"line":42,"column":9}},"15":{"start":{"line":37,"column":24},"end":{"line":37,"column":58}},"16":{"start":{"line":38,"column":10},"end":{"line":41,"column":11}},"17":{"start":{"line":39,"column":12},"end":{"line":39,"column":73}},"18":{"start":{"line":40,"column":12},"end":{"line":40,"column":22}},"19":{"start":{"line":48,"column":4},"end":{"line":50,"column":5}},"20":{"start":{"line":49,"column":6},"end":{"line":49,"column":71}},"21":{"start":{"line":52,"column":4},"end":{"line":52,"column":62}}},"fnMap":{"0":{"name":"cleanupPDFTempFiles","decl":{"start":{"line":17,"column":22},"end":{"line":17,"column":41}},"loc":{"start":{"line":17,"column":59},"end":{"line":54,"column":1}},"line":17}},"branchMap":{"0":{"loc":{"start":{"line":19,"column":2},"end":{"line":21,"column":3}},"type":"if","locations":[{"start":{"line":19,"column":2},"end":{"line":21,"column":3}},{"start":{},"end":{}}],"line":19},"1":{"loc":{"start":{"line":19,"column":6},"end":{"line":19,"column":57}},"type":"binary-expr","locations":[{"start":{"line":19,"column":6},"end":{"line":19,"column":27}},{"start":{"line":19,"column":31},"end":{"line":19,"column":57}}],"line":19},"2":{"loc":{"start":{"line":31,"column":6},"end":{"line":31,"column":47}},"type":"if","locations":[{"start":{"line":31,"column":6},"end":{"line":31,"column":47}},{"start":{},"end":{}}],"line":31},"3":{"loc":{"start":{"line":36,"column":8},"end":{"line":42,"column":9}},"type":"if","locations":[{"start":{"line":36,"column":8},"end":{"line":42,"column":9}},{"start":{},"end":{}}],"line":36},"4":{"loc":{"start":{"line":36,"column":12},"end":{"line":36,"column":48}},"type":"binary-expr","locations":[{"start":{"line":36,"column":12},"end":{"line":36,"column":23}},{"start":{"line":36,"column":27},"end":{"line":36,"column":48}}],"line":36},"5":{"loc":{"start":{"line":38,"column":10},"end":{"line":41,"column":11}},"type":"if","locations":[{"start":{"line":38,"column":10},"end":{"line":41,"column":11}},{"start":{},"end":{}}],"line":38},"6":{"loc":{"start":{"line":48,"column":4},"end":{"line":50,"column":5}},"type":"if","locations":[{"start":{"line":48,"column":4},"end":{"line":50,"column":5}},{"start":{},"end":{}}],"line":48}},"s":{"0":1,"1":5,"2":0,"3":5,"4":5,"5":5,"6":4,"7":4,"8":4,"9":6,"10":3,"11":3,"12":3,"13":3,"14":2,"15":2,"16":2,"17":1,"18":1,"19":4,"20":1,"21":1},"f":{"0":5},"b":{"0":[0,5],"1":[5,5],"2":[3,3],"3":[2,0],"4":[2,2],"5":[1,1],"6":[1,3]},"_coverageSchema":"1a1c01bbd47fc00a2c39e90264f33305004495a9","hash":"d643b1ca4d2e05636bd2c95fb8aaf43bead8b5eb"}
,"C:\\Users\\dinam\\OneDrive\\Desktop\\antigravityprojects\\jandarma\\Gendarme\\lib\\crypto.ts": {"path":"C:\\Users\\dinam\\OneDrive\\Desktop\\antigravityprojects\\jandarma\\Gendarme\\lib\\crypto.ts","statementMap":{"0":{"start":{"line":20,"column":25},"end":{"line":20,"column":47}},"1":{"start":{"line":28,"column":16},"end":{"line":28,"column":34}},"2":{"start":{"line":29,"column":2},"end":{"line":31,"column":3}},"3":{"start":{"line":29,"column":15},"end":{"line":29,"column":16}},"4":{"start":{"line":30,"column":4},"end":{"line":30,"column":47}},"5":{"start":{"line":32,"column":2},"end":{"line":34,"column":14}},"6":{"start":{"line":33,"column":16},"end":{"line":33,"column":47}},"7":{"start":{"line":37,"column":32},"end":{"line":37,"column":36}},"8":{"start":{"line":44,"column":2},"end":{"line":44,"column":36}},"9":{"start":{"line":44,"column":18},"end":{"line":44,"column":36}},"10":{"start":{"line":47,"column":2},"end":{"line":50,"column":3}},"11":{"start":{"line":48,"column":4},"end":{"line":48,"column":47}},"12":{"start":{"line":49,"column":4},"end":{"line":49,"column":22}},"13":{"start":{"line":52,"column":2},"end":{"line":68,"column":3}},"14":{"start":{"line":53,"column":21},"end":{"line":53,"column":69}},"15":{"start":{"line":54,"column":4},"end":{"line":57,"column":5}},"16":{"start":{"line":55,"column":6},"end":{"line":55,"column":28}},"17":{"start":{"line":56,"column":6},"end":{"line":56,"column":22}},"18":{"start":{"line":59,"column":19},"end":{"line":59,"column":32}},"19":{"start":{"line":60,"column":4},"end":{"line":60,"column":61}},"20":{"start":{"line":61,"column":4},"end":{"line":61,"column":24}},"21":{"start":{"line":62,"column":4},"end":{"line":62,"column":18}},"22":{"start":{"line":64,"column":4},"end":{"line":64,"column":82}},"23":{"start":{"line":66,"column":4},"end":{"line":66,"column":31}},"24":{"start":{"line":67,"column":4},"end":{"line":67,"column":22}},"25":{"start":{"line":76,"column":27},"end":{"line":76,"column":29}},"26":{"start":{"line":77,"column":2},"end":{"line":79,"column":3}},"27":{"start":{"line":77,"column":15},"end":{"line":77,"column":16}},"28":{"start":{"line":78,"column":4},"end":{"line":78,"column":69}},"29":{"start":{"line":81,"column":2},"end":{"line":81,"column":69}},"30":{"start":{"line":81,"column":27},"end":{"line":81,"column":58}},"31":{"start":{"line":85,"column":26},"end":{"line":85,"column":28}},"32":{"start":{"line":86,"column":2},"end":{"line":90,"column":3}},"33":{"start":{"line":86,"column":15},"end":{"line":86,"column":16}},"34":{"start":{"line":87,"column":17},"end":{"line":87,"column":54}},"35":{"start":{"line":88,"column":20},"end":{"line":88,"column":56}},"36":{"start":{"line":89,"column":4},"end":{"line":89,"column":52}},"37":{"start":{"line":91,"column":2},"end":{"line":91,"column":24}},"38":{"start":{"line":98,"column":14},"end":{"line":98,"column":38}},"39":{"start":{"line":99,"column":2},"end":{"line":99,"column":38}},"40":{"start":{"line":106,"column":14},"end":{"line":106,"column":38}},"41":{"start":{"line":107,"column":2},"end":{"line":107,"column":41}},"42":{"start":{"line":115,"column":2},"end":{"line":115,"column":63}},"43":{"start":{"line":115,"column":50},"end":{"line":115,"column":63}},"44":{"start":{"line":116,"column":2},"end":{"line":116,"column":34}}},"fnMap":{"0":{"name":"generateKey","decl":{"start":{"line":27,"column":9},"end":{"line":27,"column":20}},"loc":{"start":{"line":27,"column":31},"end":{"line":35,"column":1}},"line":27},"1":{"name":"(anonymous_1)","decl":{"start":{"line":33,"column":9},"end":{"line":33,"column":10}},"loc":{"start":{"line":33,"column":16},"end":{"line":33,"column":47}},"line":33},"2":{"name":"getEncryptionKey","decl":{"start":{"line":43,"column":15},"end":{"line":43,"column":31}},"loc":{"start":{"line":43,"column":51},"end":{"line":69,"column":1}},"line":43},"3":{"name":"xorObfuscate","decl":{"start":{"line":75,"column":9},"end":{"line":75,"column":21}},"loc":{"start":{"line":75,"column":57},"end":{"line":82,"column":1}},"line":75},"4":{"name":"(anonymous_4)","decl":{"start":{"line":81,"column":20},"end":{"line":81,"column":21}},"loc":{"start":{"line":81,"column":27},"end":{"line":81,"column":58}},"line":81},"5":{"name":"xorDeobfuscate","decl":{"start":{"line":84,"column":9},"end":{"line":84,"column":23}},"loc":{"start":{"line":84,"column":58},"end":{"line":92,"column":1}},"line":84},"6":{"name":"encrypt","decl":{"start":{"line":97,"column":22},"end":{"line":97,"column":29}},"loc":{"start":{"line":97,"column":66},"end":{"line":100,"column":1}},"line":97},"7":{"name":"decrypt","decl":{"start":{"line":105,"column":22},"end":{"line":105,"column":29}},"loc":{"start":{"line":105,"column":67},"end":{"line":108,"column":1}},"line":105},"8":{"name":"isEncrypted","decl":{"start":{"line":114,"column":16},"end":{"line":114,"column":27}},"loc":{"start":{"line":114,"column":51},"end":{"line":117,"column":1}},"line":114}},"branchMap":{"0":{"loc":{"start":{"line":44,"column":2},"end":{"line":44,"column":36}},"type":"if","locations":[{"start":{"line":44,"column":2},"end":{"line":44,"column":36}},{"start":{},"end":{}}],"line":44},"1":{"loc":{"start":{"line":47,"column":2},"end":{"line":50,"column":3}},"type":"if","locations":[{"start":{"line":47,"column":2},"end":{"line":50,"column":3}},{"start":{},"end":{}}],"line":47},"2":{"loc":{"start":{"line":54,"column":4},"end":{"line":57,"column":5}},"type":"if","locations":[{"start":{"line":54,"column":4},"end":{"line":57,"column":5}},{"start":{},"end":{}}],"line":54},"3":{"loc":{"start":{"line":115,"column":2},"end":{"line":115,"column":63}},"type":"if","locations":[{"start":{"line":115,"column":2},"end":{"line":115,"column":63}},{"start":{},"end":{}}],"line":115},"4":{"loc":{"start":{"line":115,"column":6},"end":{"line":115,"column":48}},"type":"binary-expr","locations":[{"start":{"line":115,"column":6},"end":{"line":115,"column":23}},{"start":{"line":115,"column":27},"end":{"line":115,"column":48}}],"line":115}},"s":{"0":1,"1":0,"2":0,"3":0,"4":0,"5":0,"6":0,"7":1,"8":11,"9":10,"10":1,"11":0,"12":0,"13":1,"14":1,"15":1,"16":1,"17":1,"18":0,"19":0,"20":0,"21":0,"22":0,"23":0,"24":0,"25":7,"26":7,"27":7,"28":98,"29":7,"30":98,"31":4,"32":4,"33":4,"34":76,"35":76,"36":76,"37":4,"38":7,"39":7,"40":4,"41":4,"42":12,"43":6,"44":6},"f":{"0":0,"1":0,"2":11,"3":7,"4":98,"5":4,"6":7,"7":4,"8":12},"b":{"0":[10,1],"1":[0,1],"2":[1,0],"3":[6,6],"4":[12,11]},"_coverageSchema":"1a1c01bbd47fc00a2c39e90264f33305004495a9","hash":"5a7d256e1ea7b051e644b9cadc870b051ca7ac6b"}
,"C:\\Users\\dinam\\OneDrive\\Desktop\\antigravityprojects\\jandarma\\Gendarme\\lib\\html.ts": {"path":"C:\\Users\\dinam\\OneDrive\\Desktop\\antigravityprojects\\jandarma\\Gendarme\\lib\\html.ts","statementMap":{"0":{"start":{"line":6,"column":43},"end":{"line":12,"column":1}},"1":{"start":{"line":14,"column":21},"end":{"line":14,"column":31}},"2":{"start":{"line":22,"column":2},"end":{"line":22,"column":22}},"3":{"start":{"line":22,"column":12},"end":{"line":22,"column":22}},"4":{"start":{"line":23,"column":2},"end":{"line":23,"column":71}},"5":{"start":{"line":23,"column":45},"end":{"line":23,"column":69}}},"fnMap":{"0":{"name":"escapeHtml","decl":{"start":{"line":21,"column":16},"end":{"line":21,"column":26}},"loc":{"start":{"line":21,"column":48},"end":{"line":24,"column":1}},"line":21},"1":{"name":"(anonymous_1)","decl":{"start":{"line":23,"column":35},"end":{"line":23,"column":36}},"loc":{"start":{"line":23,"column":45},"end":{"line":23,"column":69}},"line":23}},"branchMap":{"0":{"loc":{"start":{"line":22,"column":2},"end":{"line":22,"column":22}},"type":"if","locations":[{"start":{"line":22,"column":2},"end":{"line":22,"column":22}},{"start":{},"end":{}}],"line":22},"1":{"loc":{"start":{"line":23,"column":45},"end":{"line":23,"column":69}},"type":"binary-expr","locations":[{"start":{"line":23,"column":45},"end":{"line":23,"column":61}},{"start":{"line":23,"column":65},"end":{"line":23,"column":69}}],"line":23}},"s":{"0":1,"1":1,"2":11,"3":3,"4":8,"5":15},"f":{"0":11,"1":15},"b":{"0":[3,8],"1":[15,0]},"_coverageSchema":"1a1c01bbd47fc00a2c39e90264f33305004495a9","hash":"d7e8183384827ed167c9b11e00cc36f5d687056b"}
,"C:\\Users\\dinam\\OneDrive\\Desktop\\antigravityprojects\\jandarma\\Gendarme\\lib\\pdf.ts": {"path":"C:\\Users\\dinam\\OneDrive\\Desktop\\antigravityprojects\\jandarma\\Gendarme\\lib\\pdf.ts","statementMap":{"0":{"start":{"line":19,"column":13},"end":{"line":19,"column":46}},"1":{"start":{"line":20,"column":15},"end":{"line":20,"column":50}},"2":{"start":{"line":21,"column":18},"end":{"line":21,"column":65}},"3":{"start":{"line":22,"column":16},"end":{"line":22,"column":54}},"4":{"start":{"line":23,"column":15},"end":{"line":23,"column":47}},"5":{"start":{"line":24,"column":16},"end":{"line":24,"column":38}},"6":{"start":{"line":25,"column":16},"end":{"line":25,"column":54}},"7":{"start":{"line":26,"column":18},"end":{"line":26,"column":58}},"8":{"start":{"line":27,"column":16},"end":{"line":27,"column":54}},"9":{"start":{"line":29,"column":2},"end":{"line":126,"column":9}},"10":{"start":{"line":133,"column":74},"end":{"line":133,"column":76}},"11":{"start":{"line":134,"column":46},"end":{"line":145,"column":3}},"12":{"start":{"line":147,"column":21},"end":{"line":150,"column":3}},"13":{"start":{"line":152,"column":2},"end":{"line":157,"column":3}},"14":{"start":{"line":153,"column":4},"end":{"line":153,"column":48}},"15":{"start":{"line":153,"column":39},"end":{"line":153,"column":48}},"16":{"start":{"line":154,"column":18},"end":{"line":154,"column":42}},"17":{"start":{"line":155,"column":4},"end":{"line":155,"column":43}},"18":{"start":{"line":155,"column":24},"end":{"line":155,"column":43}},"19":{"start":{"line":156,"column":4},"end":{"line":156,"column":79}},"20":{"start":{"line":159,"column":13},"end":{"line":159,"column":15}},"21":{"start":{"line":160,"column":2},"end":{"line":169,"column":3}},"22":{"start":{"line":161,"column":23},"end":{"line":161,"column":68}},"23":{"start":{"line":162,"column":4},"end":{"line":162,"column":68}},"24":{"start":{"line":163,"column":4},"end":{"line":167,"column":5}},"25":{"start":{"line":164,"column":20},"end":{"line":164,"column":42}},"26":{"start":{"line":165,"column":20},"end":{"line":165,"column":65}},"27":{"start":{"line":166,"column":6},"end":{"line":166,"column":60}},"28":{"start":{"line":168,"column":4},"end":{"line":168,"column":23}},"29":{"start":{"line":170,"column":2},"end":{"line":170,"column":14}},"30":{"start":{"line":174,"column":2},"end":{"line":181,"column":3}},"31":{"start":{"line":175,"column":17},"end":{"line":175,"column":38}},"32":{"start":{"line":176,"column":20},"end":{"line":176,"column":73}},"33":{"start":{"line":177,"column":4},"end":{"line":177,"column":15}},"34":{"start":{"line":179,"column":4},"end":{"line":179,"column":51}},"35":{"start":{"line":180,"column":4},"end":{"line":180,"column":16}},"36":{"start":{"line":185,"column":2},"end":{"line":195,"column":3}},"37":{"start":{"line":186,"column":24},"end":{"line":186,"column":56}},"38":{"start":{"line":187,"column":4},"end":{"line":192,"column":5}},"39":{"start":{"line":188,"column":6},"end":{"line":191,"column":9}},"40":{"start":{"line":194,"column":4},"end":{"line":194,"column":44}},"41":{"start":{"line":199,"column":2},"end":{"line":204,"column":3}},"42":{"start":{"line":200,"column":17},"end":{"line":200,"column":38}},"43":{"start":{"line":201,"column":4},"end":{"line":201,"column":37}},"44":{"start":{"line":203,"column":4},"end":{"line":203,"column":42}}},"fnMap":{"0":{"name":"generatePDFHTML","decl":{"start":{"line":18,"column":9},"end":{"line":18,"column":24}},"loc":{"start":{"line":18,"column":48},"end":{"line":127,"column":1}},"line":18},"1":{"name":"buildFormContentHTML","decl":{"start":{"line":129,"column":16},"end":{"line":129,"column":36}},"loc":{"start":{"line":132,"column":10},"end":{"line":171,"column":1}},"line":132},"2":{"name":"generatePDF","decl":{"start":{"line":173,"column":22},"end":{"line":173,"column":33}},"loc":{"start":{"line":173,"column":73},"end":{"line":182,"column":1}},"line":173},"3":{"name":"sharePDF","decl":{"start":{"line":184,"column":22},"end":{"line":184,"column":30}},"loc":{"start":{"line":184,"column":59},"end":{"line":196,"column":1}},"line":184},"4":{"name":"printPDF","decl":{"start":{"line":198,"column":22},"end":{"line":198,"column":30}},"loc":{"start":{"line":198,"column":61},"end":{"line":205,"column":1}},"line":198}},"branchMap":{"0":{"loc":{"start":{"line":19,"column":13},"end":{"line":19,"column":46}},"type":"binary-expr","locations":[{"start":{"line":19,"column":13},"end":{"line":19,"column":32}},{"start":{"line":19,"column":36},"end":{"line":19,"column":46}}],"line":19},"1":{"loc":{"start":{"line":20,"column":15},"end":{"line":20,"column":50}},"type":"binary-expr","locations":[{"start":{"line":20,"column":15},"end":{"line":20,"column":36}},{"start":{"line":20,"column":40},"end":{"line":20,"column":50}}],"line":20},"2":{"loc":{"start":{"line":21,"column":18},"end":{"line":21,"column":65}},"type":"binary-expr","locations":[{"start":{"line":21,"column":18},"end":{"line":21,"column":51}},{"start":{"line":21,"column":55},"end":{"line":21,"column":65}}],"line":21},"3":{"loc":{"start":{"line":21,"column":29},"end":{"line":21,"column":50}},"type":"binary-expr","locations":[{"start":{"line":21,"column":29},"end":{"line":21,"column":44}},{"start":{"line":21,"column":48},"end":{"line":21,"column":50}}],"line":21},"4":{"loc":{"start":{"line":22,"column":16},"end":{"line":22,"column":54}},"type":"binary-expr","locations":[{"start":{"line":22,"column":16},"end":{"line":22,"column":38}},{"start":{"line":22,"column":42},"end":{"line":22,"column":54}}],"line":22},"5":{"loc":{"start":{"line":23,"column":15},"end":{"line":23,"column":47}},"type":"binary-expr","locations":[{"start":{"line":23,"column":15},"end":{"line":23,"column":36}},{"start":{"line":23,"column":40},"end":{"line":23,"column":47}}],"line":23},"6":{"loc":{"start":{"line":25,"column":27},"end":{"line":25,"column":53}},"type":"binary-expr","locations":[{"start":{"line":25,"column":27},"end":{"line":25,"column":47}},{"start":{"line":25,"column":51},"end":{"line":25,"column":53}}],"line":25},"7":{"loc":{"start":{"line":26,"column":29},"end":{"line":26,"column":57}},"type":"binary-expr","locations":[{"start":{"line":26,"column":29},"end":{"line":26,"column":51}},{"start":{"line":26,"column":55},"end":{"line":26,"column":57}}],"line":26},"8":{"loc":{"start":{"line":27,"column":27},"end":{"line":27,"column":53}},"type":"binary-expr","locations":[{"start":{"line":27,"column":27},"end":{"line":27,"column":47}},{"start":{"line":27,"column":51},"end":{"line":27,"column":53}}],"line":27},"9":{"loc":{"start":{"line":153,"column":4},"end":{"line":153,"column":48}},"type":"if","locations":[{"start":{"line":153,"column":4},"end":{"line":153,"column":48}},{"start":{},"end":{}}],"line":153},"10":{"loc":{"start":{"line":154,"column":18},"end":{"line":154,"column":42}},"type":"binary-expr","locations":[{"start":{"line":154,"column":18},"end":{"line":154,"column":29}},{"start":{"line":154,"column":33},"end":{"line":154,"column":42}}],"line":154},"11":{"loc":{"start":{"line":155,"column":4},"end":{"line":155,"column":43}},"type":"if","locations":[{"start":{"line":155,"column":4},"end":{"line":155,"column":43}},{"start":{},"end":{}}],"line":155},"12":{"loc":{"start":{"line":156,"column":52},"end":{"line":156,"column":75}},"type":"binary-expr","locations":[{"start":{"line":156,"column":52},"end":{"line":156,"column":68}},{"start":{"line":156,"column":72},"end":{"line":156,"column":75}}],"line":156},"13":{"loc":{"start":{"line":161,"column":34},"end":{"line":161,"column":67}},"type":"binary-expr","locations":[{"start":{"line":161,"column":34},"end":{"line":161,"column":55}},{"start":{"line":161,"column":59},"end":{"line":161,"column":67}}],"line":161},"14":{"loc":{"start":{"line":187,"column":4},"end":{"line":192,"column":5}},"type":"if","locations":[{"start":{"line":187,"column":4},"end":{"line":192,"column":5}},{"start":{},"end":{}}],"line":187}},"s":{"0":0,"1":0,"2":0,"3":0,"4":0,"5":0,"6":0,"7":0,"8":0,"9":0,"10":0,"11":0,"12":0,"13":0,"14":0,"15":0,"16":0,"17":0,"18":0,"19":0,"20":0,"21":0,"22":0,"23":0,"24":0,"25":0,"26":0,"27":0,"28":0,"29":0,"30":0,"31":0,"32":0,"33":0,"34":0,"35":0,"36":0,"37":0,"38":0,"39":0,"40":0,"41":0,"42":0,"43":0,"44":0},"f":{"0":0,"1":0,"2":0,"3":0,"4":0},"b":{"0":[0,0],"1":[0,0],"2":[0,0],"3":[0,0],"4":[0,0],"5":[0,0],"6":[0,0],"7":[0,0],"8":[0,0],"9":[0,0],"10":[0,0],"11":[0,0],"12":[0,0],"13":[0,0],"14":[0,0]}}
,"C:\\Users\\dinam\\OneDrive\\Desktop\\antigravityprojects\\jandarma\\Gendarme\\lib\\search.ts": {"path":"C:\\Users\\dinam\\OneDrive\\Desktop\\antigravityprojects\\jandarma\\Gendarme\\lib\\search.ts","statementMap":{"0":{"start":{"line":33,"column":4},"end":{"line":46,"column":28}},"1":{"start":{"line":50,"column":4},"end":{"line":50,"column":73}},"2":{"start":{"line":55,"column":4},"end":{"line":55,"column":21}},"3":{"start":{"line":66,"column":8},"end":{"line":68,"column":9}},"4":{"start":{"line":67,"column":12},"end":{"line":67,"column":62}},"5":{"start":{"line":70,"column":27},"end":{"line":70,"column":42}},"6":{"start":{"line":71,"column":23},"end":{"line":71,"column":34}},"7":{"start":{"line":72,"column":22},"end":{"line":72,"column":32}},"8":{"start":{"line":74,"column":45},"end":{"line":74,"column":47}},"9":{"start":{"line":75,"column":44},"end":{"line":75,"column":46}},"10":{"start":{"line":76,"column":43},"end":{"line":76,"column":45}},"11":{"start":{"line":79,"column":8},"end":{"line":118,"column":9}},"12":{"start":{"line":80,"column":31},"end":{"line":85,"column":23}},"13":{"start":{"line":87,"column":12},"end":{"line":97,"column":13}},"14":{"start":{"line":88,"column":33},"end":{"line":88,"column":93}},"15":{"start":{"line":88,"column":66},"end":{"line":88,"column":92}},"16":{"start":{"line":89,"column":16},"end":{"line":96,"column":19}},"17":{"start":{"line":100,"column":12},"end":{"line":117,"column":13}},"18":{"start":{"line":101,"column":16},"end":{"line":116,"column":17}},"19":{"start":{"line":102,"column":36},"end":{"line":102,"column":101}},"20":{"start":{"line":103,"column":20},"end":{"line":115,"column":21}},"21":{"start":{"line":104,"column":41},"end":{"line":104,"column":88}},"22":{"start":{"line":104,"column":64},"end":{"line":104,"column":87}},"23":{"start":{"line":105,"column":24},"end":{"line":114,"column":25}},"24":{"start":{"line":106,"column":28},"end":{"line":113,"column":31}},"25":{"start":{"line":121,"column":8},"end":{"line":131,"column":9}},"26":{"start":{"line":122,"column":12},"end":{"line":130,"column":13}},"27":{"start":{"line":123,"column":16},"end":{"line":129,"column":19}},"28":{"start":{"line":133,"column":8},"end":{"line":137,"column":10}},"29":{"start":{"line":142,"column":27},"end":{"line":142,"column":53}},"30":{"start":{"line":145,"column":4},"end":{"line":145,"column":18}},"31":{"start":{"line":149,"column":4},"end":{"line":149,"column":23}},"32":{"start":{"line":154,"column":4},"end":{"line":154,"column":32}}},"fnMap":{"0":{"name":"normalizeTurkish","decl":{"start":{"line":32,"column":16},"end":{"line":32,"column":32}},"loc":{"start":{"line":32,"column":55},"end":{"line":47,"column":1}},"line":32},"1":{"name":"matches","decl":{"start":{"line":49,"column":9},"end":{"line":49,"column":16}},"loc":{"start":{"line":49,"column":60},"end":{"line":51,"column":1}},"line":49},"2":{"name":"getStepText","decl":{"start":{"line":54,"column":9},"end":{"line":54,"column":20}},"loc":{"start":{"line":54,"column":41},"end":{"line":56,"column":1}},"line":54},"3":{"name":"(anonymous_3)","decl":{"start":{"line":65,"column":4},"end":{"line":65,"column":5}},"loc":{"start":{"line":65,"column":42},"end":{"line":138,"column":5}},"line":65},"4":{"name":"(anonymous_4)","decl":{"start":{"line":88,"column":49},"end":{"line":88,"column":50}},"loc":{"start":{"line":88,"column":66},"end":{"line":88,"column":92}},"line":88},"5":{"name":"(anonymous_5)","decl":{"start":{"line":104,"column":57},"end":{"line":104,"column":58}},"loc":{"start":{"line":104,"column":64},"end":{"line":104,"column":87}},"line":104},"6":{"name":"getSearchEngine","decl":{"start":{"line":144,"column":16},"end":{"line":144,"column":31}},"loc":{"start":{"line":144,"column":48},"end":{"line":146,"column":1}},"line":144},"7":{"name":"setSearchEngine","decl":{"start":{"line":148,"column":16},"end":{"line":148,"column":31}},"loc":{"start":{"line":148,"column":63},"end":{"line":150,"column":1}},"line":148},"8":{"name":"search","decl":{"start":{"line":153,"column":16},"end":{"line":153,"column":22}},"loc":{"start":{"line":153,"column":54},"end":{"line":155,"column":1}},"line":153}},"branchMap":{"0":{"loc":{"start":{"line":66,"column":8},"end":{"line":68,"column":9}},"type":"if","locations":[{"start":{"line":66,"column":8},"end":{"line":68,"column":9}},{"start":{},"end":{}}],"line":66},"1":{"loc":{"start":{"line":66,"column":12},"end":{"line":66,"column":38}},"type":"binary-expr","locations":[{"start":{"line":66,"column":12},"end":{"line":66,"column":18}},{"start":{"line":66,"column":22},"end":{"line":66,"column":38}}],"line":66},"2":{"loc":{"start":{"line":84,"column":20},"end":{"line":84,"column":55}},"type":"binary-expr","locations":[{"start":{"line":84,"column":20},"end":{"line":84,"column":49}},{"start":{"line":84,"column":53},"end":{"line":84,"column":55}}],"line":84},"3":{"loc":{"start":{"line":87,"column":12},"end":{"line":97,"column":13}},"type":"if","locations":[{"start":{"line":87,"column":12},"end":{"line":97,"column":13}},{"start":{},"end":{}}],"line":87},"4":{"loc":{"start":{"line":100,"column":12},"end":{"line":117,"column":13}},"type":"if","locations":[{"start":{"line":100,"column":12},"end":{"line":117,"column":13}},{"start":{},"end":{}}],"line":100},"5":{"loc":{"start":{"line":102,"column":82},"end":{"line":102,"column":99}},"type":"binary-expr","locations":[{"start":{"line":102,"column":82},"end":{"line":102,"column":93}},{"start":{"line":102,"column":97},"end":{"line":102,"column":99}}],"line":102},"6":{"loc":{"start":{"line":103,"column":20},"end":{"line":115,"column":21}},"type":"if","locations":[{"start":{"line":103,"column":20},"end":{"line":115,"column":21}},{"start":{},"end":{}}],"line":103},"7":{"loc":{"start":{"line":105,"column":24},"end":{"line":114,"column":25}},"type":"if","locations":[{"start":{"line":105,"column":24},"end":{"line":114,"column":25}},{"start":{},"end":{}}],"line":105},"8":{"loc":{"start":{"line":110,"column":42},"end":{"line":110,"column":66}},"type":"binary-expr","locations":[{"start":{"line":110,"column":42},"end":{"line":110,"column":53}},{"start":{"line":110,"column":57},"end":{"line":110,"column":66}}],"line":110},"9":{"loc":{"start":{"line":122,"column":12},"end":{"line":130,"column":13}},"type":"if","locations":[{"start":{"line":122,"column":12},"end":{"line":130,"column":13}},{"start":{},"end":{}}],"line":122}},"s":{"0":751,"1":370,"2":665,"3":7,"4":2,"5":5,"6":5,"7":5,"8":5,"9":5,"10":5,"11":5,"12":65,"13":65,"14":10,"15":16,"16":10,"17":65,"18":65,"19":240,"20":240,"21":25,"22":263,"23":25,"24":23,"25":5,"26":65,"27":0,"28":5,"29":1,"30":2,"31":2,"32":8},"f":{"0":751,"1":370,"2":665,"3":7,"4":16,"5":263,"6":2,"7":2,"8":8},"b":{"0":[2,5],"1":[7,6],"2":[65,0],"3":[10,55],"4":[65,0],"5":[240,185],"6":[25,215],"7":[23,2],"8":[23,12],"9":[0,65]},"_coverageSchema":"1a1c01bbd47fc00a2c39e90264f33305004495a9","hash":"6e44adc40e00319c5bb40c62d8cf82aeb6e7f136"}
,"C:\\Users\\dinam\\OneDrive\\Desktop\\antigravityprojects\\jandarma\\Gendarme\\lib\\validation.ts": {"path":"C:\\Users\\dinam\\OneDrive\\Desktop\\antigravityprojects\\jandarma\\Gendarme\\lib\\validation.ts","statementMap":{"0":{"start":{"line":3,"column":30},"end":{"line":5,"column":60}},"1":{"start":{"line":7,"column":29},"end":{"line":9,"column":58}},"2":{"start":{"line":11,"column":26},"end":{"line":13,"column":76}},"3":{"start":{"line":15,"column":26},"end":{"line":17,"column":88}},"4":{"start":{"line":19,"column":28},"end":{"line":21,"column":33}},"5":{"start":{"line":28,"column":4},"end":{"line":30,"column":5}},"6":{"start":{"line":29,"column":8},"end":{"line":29,"column":36}},"7":{"start":{"line":31,"column":4},"end":{"line":31,"column":51}},"8":{"start":{"line":31,"column":39},"end":{"line":31,"column":51}},"9":{"start":{"line":34,"column":4},"end":{"line":37,"column":5}},"10":{"start":{"line":35,"column":23},"end":{"line":35,"column":54}},"11":{"start":{"line":36,"column":8},"end":{"line":36,"column":67}},"12":{"start":{"line":36,"column":29},"end":{"line":36,"column":67}},"13":{"start":{"line":40,"column":4},"end":{"line":43,"column":5}},"14":{"start":{"line":41,"column":23},"end":{"line":41,"column":53}},"15":{"start":{"line":42,"column":8},"end":{"line":42,"column":67}},"16":{"start":{"line":42,"column":29},"end":{"line":42,"column":67}},"17":{"start":{"line":45,"column":4},"end":{"line":45,"column":16}},"18":{"start":{"line":52,"column":43},"end":{"line":52,"column":45}},"19":{"start":{"line":53,"column":4},"end":{"line":58,"column":5}},"20":{"start":{"line":54,"column":22},"end":{"line":54,"column":85}},"21":{"start":{"line":55,"column":8},"end":{"line":57,"column":9}},"22":{"start":{"line":56,"column":12},"end":{"line":56,"column":37}},"23":{"start":{"line":59,"column":4},"end":{"line":59,"column":18}}},"fnMap":{"0":{"name":"validateField","decl":{"start":{"line":23,"column":16},"end":{"line":23,"column":29}},"loc":{"start":{"line":27,"column":17},"end":{"line":46,"column":1}},"line":27},"1":{"name":"validateForm","decl":{"start":{"line":48,"column":16},"end":{"line":48,"column":28}},"loc":{"start":{"line":51,"column":26},"end":{"line":60,"column":1}},"line":51}},"branchMap":{"0":{"loc":{"start":{"line":28,"column":4},"end":{"line":30,"column":5}},"type":"if","locations":[{"start":{"line":28,"column":4},"end":{"line":30,"column":5}},{"start":{},"end":{}}],"line":28},"1":{"loc":{"start":{"line":28,"column":8},"end":{"line":28,"column":51}},"type":"binary-expr","locations":[{"start":{"line":28,"column":8},"end":{"line":28,"column":16}},{"start":{"line":28,"column":21},"end":{"line":28,"column":27}},{"start":{"line":28,"column":31},"end":{"line":28,"column":50}}],"line":28},"2":{"loc":{"start":{"line":31,"column":4},"end":{"line":31,"column":51}},"type":"if","locations":[{"start":{"line":31,"column":4},"end":{"line":31,"column":51}},{"start":{},"end":{}}],"line":31},"3":{"loc":{"start":{"line":31,"column":8},"end":{"line":31,"column":37}},"type":"binary-expr","locations":[{"start":{"line":31,"column":8},"end":{"line":31,"column":14}},{"start":{"line":31,"column":18},"end":{"line":31,"column":37}}],"line":31},"4":{"loc":{"start":{"line":34,"column":4},"end":{"line":37,"column":5}},"type":"if","locations":[{"start":{"line":34,"column":4},"end":{"line":37,"column":5}},{"start":{},"end":{}}],"line":34},"5":{"loc":{"start":{"line":34,"column":8},"end":{"line":34,"column":60}},"type":"binary-expr","locations":[{"start":{"line":34,"column":8},"end":{"line":34,"column":30}},{"start":{"line":34,"column":34},"end":{"line":34,"column":60}}],"line":34},"6":{"loc":{"start":{"line":36,"column":8},"end":{"line":36,"column":67}},"type":"if","locations":[{"start":{"line":36,"column":8},"end":{"line":36,"column":67}},{"start":{},"end":{}}],"line":36},"7":{"loc":{"start":{"line":40,"column":4},"end":{"line":43,"column":5}},"type":"if","locations":[{"start":{"line":40,"column":4},"end":{"line":43,"column":5}},{"start":{},"end":{}}],"line":40},"8":{"loc":{"start":{"line":42,"column":8},"end":{"line":42,"column":67}},"type":"if","locations":[{"start":{"line":42,"column":8},"end":{"line":42,"column":67}},{"start":{},"end":{}}],"line":42},"9":{"loc":{"start":{"line":54,"column":46},"end":{"line":54,"column":68}},"type":"binary-expr","locations":[{"start":{"line":54,"column":46},"end":{"line":54,"column":62}},{"start":{"line":54,"column":66},"end":{"line":54,"column":68}}],"line":54},"10":{"loc":{"start":{"line":55,"column":8},"end":{"line":57,"column":9}},"type":"if","locations":[{"start":{"line":55,"column":8},"end":{"line":57,"column":9}},{"start":{},"end":{}}],"line":55}},"s":{"0":1,"1":1,"2":1,"3":1,"4":1,"5":22,"6":4,"7":18,"8":5,"9":13,"10":9,"11":9,"12":4,"13":9,"14":2,"15":2,"16":1,"17":8,"18":3,"19":3,"20":9,"21":9,"22":3,"23":3},"f":{"0":22,"1":3},"b":{"0":[4,18],"1":[22,6,3],"2":[5,13],"3":[18,14],"4":[9,4],"5":[13,5],"6":[4,5],"7":[2,7],"8":[1,1],"9":[9,5],"10":[3,6]},"_coverageSchema":"1a1c01bbd47fc00a2c39e90264f33305004495a9","hash":"5a57dcd0323f557e7e773bd5140648b42bebb092"}
,"C:\\Users\\dinam\\OneDrive\\Desktop\\antigravityprojects\\jandarma\\Gendarme\\store\\draftsStore.ts": {"path":"C:\\Users\\dinam\\OneDrive\\Desktop\\antigravityprojects\\jandarma\\Gendarme\\store\\draftsStore.ts","statementMap":{"0":{"start":{"line":23,"column":20},"end":{"line":23,"column":41}},"1":{"start":{"line":25,"column":30},"end":{"line":57,"column":3}},"2":{"start":{"line":25,"column":65},"end":{"line":57,"column":1}},"3":{"start":{"line":30,"column":23},"end":{"line":30,"column":68}},"4":{"start":{"line":31,"column":8},"end":{"line":31,"column":38}},"5":{"start":{"line":35,"column":22},"end":{"line":35,"column":27}},"6":{"start":{"line":36,"column":25},"end":{"line":36,"column":70}},"7":{"start":{"line":36,"column":52},"end":{"line":36,"column":69}},"8":{"start":{"line":37,"column":21},"end":{"line":37,"column":41}},"9":{"start":{"line":38,"column":8},"end":{"line":38,"column":30}},"10":{"start":{"line":39,"column":8},"end":{"line":39,"column":44}},"11":{"start":{"line":43,"column":21},"end":{"line":43,"column":60}},"12":{"start":{"line":43,"column":48},"end":{"line":43,"column":59}},"13":{"start":{"line":44,"column":8},"end":{"line":44,"column":30}},"14":{"start":{"line":45,"column":8},"end":{"line":45,"column":44}},"15":{"start":{"line":49,"column":8},"end":{"line":49,"column":71}},"16":{"start":{"line":49,"column":42},"end":{"line":49,"column":69}},"17":{"start":{"line":53,"column":8},"end":{"line":55,"column":29}},"18":{"start":{"line":54,"column":35},"end":{"line":54,"column":100}}},"fnMap":{"0":{"name":"(anonymous_0)","decl":{"start":{"line":25,"column":50},"end":{"line":25,"column":51}},"loc":{"start":{"line":25,"column":65},"end":{"line":57,"column":1}},"line":25},"1":{"name":"(anonymous_1)","decl":{"start":{"line":29,"column":10},"end":{"line":29,"column":11}},"loc":{"start":{"line":29,"column":22},"end":{"line":32,"column":5}},"line":29},"2":{"name":"(anonymous_2)","decl":{"start":{"line":34,"column":10},"end":{"line":34,"column":11}},"loc":{"start":{"line":34,"column":21},"end":{"line":40,"column":5}},"line":34},"3":{"name":"(anonymous_3)","decl":{"start":{"line":36,"column":45},"end":{"line":36,"column":46}},"loc":{"start":{"line":36,"column":52},"end":{"line":36,"column":69}},"line":36},"4":{"name":"(anonymous_4)","decl":{"start":{"line":42,"column":12},"end":{"line":42,"column":13}},"loc":{"start":{"line":42,"column":20},"end":{"line":46,"column":5}},"line":42},"5":{"name":"(anonymous_5)","decl":{"start":{"line":43,"column":41},"end":{"line":43,"column":42}},"loc":{"start":{"line":43,"column":48},"end":{"line":43,"column":59}},"line":43},"6":{"name":"(anonymous_6)","decl":{"start":{"line":48,"column":19},"end":{"line":48,"column":20}},"loc":{"start":{"line":48,"column":35},"end":{"line":50,"column":5}},"line":48},"7":{"name":"(anonymous_7)","decl":{"start":{"line":49,"column":35},"end":{"line":49,"column":36}},"loc":{"start":{"line":49,"column":42},"end":{"line":49,"column":69}},"line":49},"8":{"name":"(anonymous_8)","decl":{"start":{"line":52,"column":15},"end":{"line":52,"column":16}},"loc":{"start":{"line":52,"column":26},"end":{"line":56,"column":5}},"line":52},"9":{"name":"(anonymous_9)","decl":{"start":{"line":54,"column":25},"end":{"line":54,"column":26}},"loc":{"start":{"line":54,"column":35},"end":{"line":54,"column":100}},"line":54}},"branchMap":{},"s":{"0":0,"1":0,"2":0,"3":0,"4":0,"5":0,"6":0,"7":0,"8":0,"9":0,"10":0,"11":0,"12":0,"13":0,"14":0,"15":0,"16":0,"17":0,"18":0},"f":{"0":0,"1":0,"2":0,"3":0,"4":0,"5":0,"6":0,"7":0,"8":0,"9":0},"b":{}}
,"C:\\Users\\dinam\\OneDrive\\Desktop\\antigravityprojects\\jandarma\\Gendarme\\store\\favoritesStore.ts": {"path":"C:\\Users\\dinam\\OneDrive\\Desktop\\antigravityprojects\\jandarma\\Gendarme\\store\\favoritesStore.ts","statementMap":{"0":{"start":{"line":24,"column":20},"end":{"line":24,"column":44}},"1":{"start":{"line":26,"column":33},"end":{"line":70,"column":3}},"2":{"start":{"line":26,"column":71},"end":{"line":70,"column":1}},"3":{"start":{"line":31,"column":26},"end":{"line":31,"column":76}},"4":{"start":{"line":32,"column":8},"end":{"line":32,"column":41}},"5":{"start":{"line":36,"column":22},"end":{"line":36,"column":27}},"6":{"start":{"line":37,"column":23},"end":{"line":37,"column":81}},"7":{"start":{"line":37,"column":51},"end":{"line":37,"column":80}},"8":{"start":{"line":39,"column":8},"end":{"line":52,"column":9}},"9":{"start":{"line":40,"column":12},"end":{"line":40,"column":80}},"10":{"start":{"line":40,"column":49},"end":{"line":40,"column":78}},"11":{"start":{"line":42,"column":12},"end":{"line":51,"column":14}},"12":{"start":{"line":53,"column":8},"end":{"line":53,"column":33}},"13":{"start":{"line":54,"column":8},"end":{"line":54,"column":44}},"14":{"start":{"line":58,"column":8},"end":{"line":58,"column":74}},"15":{"start":{"line":58,"column":43},"end":{"line":58,"column":72}},"16":{"start":{"line":62,"column":21},"end":{"line":62,"column":81}},"17":{"start":{"line":62,"column":51},"end":{"line":62,"column":80}},"18":{"start":{"line":63,"column":8},"end":{"line":63,"column":33}},"19":{"start":{"line":64,"column":8},"end":{"line":64,"column":44}},"20":{"start":{"line":68,"column":8},"end":{"line":68,"column":62}},"21":{"start":{"line":68,"column":45},"end":{"line":68,"column":60}}},"fnMap":{"0":{"name":"(anonymous_0)","decl":{"start":{"line":26,"column":56},"end":{"line":26,"column":57}},"loc":{"start":{"line":26,"column":71},"end":{"line":70,"column":1}},"line":26},"1":{"name":"(anonymous_1)","decl":{"start":{"line":30,"column":10},"end":{"line":30,"column":11}},"loc":{"start":{"line":30,"column":22},"end":{"line":33,"column":5}},"line":30},"2":{"name":"(anonymous_2)","decl":{"start":{"line":35,"column":12},"end":{"line":35,"column":13}},"loc":{"start":{"line":35,"column":42},"end":{"line":55,"column":5}},"line":35},"3":{"name":"(anonymous_3)","decl":{"start":{"line":37,"column":44},"end":{"line":37,"column":45}},"loc":{"start":{"line":37,"column":51},"end":{"line":37,"column":80}},"line":37},"4":{"name":"(anonymous_4)","decl":{"start":{"line":40,"column":42},"end":{"line":40,"column":43}},"loc":{"start":{"line":40,"column":49},"end":{"line":40,"column":78}},"line":40},"5":{"name":"(anonymous_5)","decl":{"start":{"line":57,"column":16},"end":{"line":57,"column":17}},"loc":{"start":{"line":57,"column":33},"end":{"line":59,"column":5}},"line":57},"6":{"name":"(anonymous_6)","decl":{"start":{"line":58,"column":36},"end":{"line":58,"column":37}},"loc":{"start":{"line":58,"column":43},"end":{"line":58,"column":72}},"line":58},"7":{"name":"(anonymous_7)","decl":{"start":{"line":61,"column":12},"end":{"line":61,"column":13}},"loc":{"start":{"line":61,"column":29},"end":{"line":65,"column":5}},"line":61},"8":{"name":"(anonymous_8)","decl":{"start":{"line":62,"column":44},"end":{"line":62,"column":45}},"loc":{"start":{"line":62,"column":51},"end":{"line":62,"column":80}},"line":62},"9":{"name":"(anonymous_9)","decl":{"start":{"line":67,"column":15},"end":{"line":67,"column":16}},"loc":{"start":{"line":67,"column":25},"end":{"line":69,"column":5}},"line":67},"10":{"name":"(anonymous_10)","decl":{"start":{"line":68,"column":38},"end":{"line":68,"column":39}},"loc":{"start":{"line":68,"column":45},"end":{"line":68,"column":60}},"line":68}},"branchMap":{"0":{"loc":{"start":{"line":39,"column":8},"end":{"line":52,"column":9}},"type":"if","locations":[{"start":{"line":39,"column":8},"end":{"line":52,"column":9}},{"start":{"line":41,"column":15},"end":{"line":52,"column":9}}],"line":39}},"s":{"0":1,"1":1,"2":1,"3":0,"4":0,"5":8,"6":8,"7":3,"8":8,"9":1,"10":1,"11":7,"12":8,"13":8,"14":2,"15":1,"16":1,"17":2,"18":1,"19":1,"20":3,"21":6},"f":{"0":1,"1":0,"2":8,"3":3,"4":1,"5":2,"6":1,"7":1,"8":2,"9":3,"10":6},"b":{"0":[1,7]},"_coverageSchema":"1a1c01bbd47fc00a2c39e90264f33305004495a9","hash":"a946695d72a99bcdd14d991d40ad31dfb50e7f0f"}
,"C:\\Users\\dinam\\OneDrive\\Desktop\\antigravityprojects\\jandarma\\Gendarme\\store\\persistence.ts": {"path":"C:\\Users\\dinam\\OneDrive\\Desktop\\antigravityprojects\\jandarma\\Gendarme\\store\\persistence.ts","statementMap":{"0":{"start":{"line":13,"column":23},"end":{"line":13,"column":26}},"1":{"start":{"line":20,"column":2},"end":{"line":27,"column":3}},"2":{"start":{"line":21,"column":16},"end":{"line":21,"column":47}},"3":{"start":{"line":22,"column":4},"end":{"line":22,"column":38}},"4":{"start":{"line":22,"column":22},"end":{"line":22,"column":38}},"5":{"start":{"line":23,"column":4},"end":{"line":23,"column":32}},"6":{"start":{"line":25,"column":4},"end":{"line":25,"column":62}},"7":{"start":{"line":26,"column":4},"end":{"line":26,"column":20}},"8":{"start":{"line":35,"column":15},"end":{"line":35,"column":36}},"9":{"start":{"line":36,"column":2},"end":{"line":51,"column":3}},"10":{"start":{"line":37,"column":4},"end":{"line":37,"column":42}},"11":{"start":{"line":38,"column":4},"end":{"line":38,"column":16}},"12":{"start":{"line":40,"column":4},"end":{"line":40,"column":95}},"13":{"start":{"line":42,"column":4},"end":{"line":42,"column":72}},"14":{"start":{"line":42,"column":35},"end":{"line":42,"column":70}},"15":{"start":{"line":43,"column":4},"end":{"line":50,"column":5}},"16":{"start":{"line":44,"column":6},"end":{"line":44,"column":44}},"17":{"start":{"line":45,"column":6},"end":{"line":45,"column":18}},"18":{"start":{"line":47,"column":6},"end":{"line":47,"column":83}},"19":{"start":{"line":48,"column":6},"end":{"line":48,"column":62}},"20":{"start":{"line":49,"column":6},"end":{"line":49,"column":19}},"21":{"start":{"line":58,"column":2},"end":{"line":64,"column":3}},"22":{"start":{"line":59,"column":4},"end":{"line":59,"column":39}},"23":{"start":{"line":60,"column":4},"end":{"line":60,"column":16}},"24":{"start":{"line":62,"column":4},"end":{"line":62,"column":64}},"25":{"start":{"line":63,"column":4},"end":{"line":63,"column":17}},"26":{"start":{"line":76,"column":2},"end":{"line":91,"column":3}},"27":{"start":{"line":77,"column":16},"end":{"line":77,"column":47}},"28":{"start":{"line":78,"column":4},"end":{"line":78,"column":38}},"29":{"start":{"line":78,"column":22},"end":{"line":78,"column":38}},"30":{"start":{"line":81,"column":4},"end":{"line":84,"column":5}},"31":{"start":{"line":82,"column":24},"end":{"line":82,"column":42}},"32":{"start":{"line":83,"column":6},"end":{"line":83,"column":40}},"33":{"start":{"line":87,"column":4},"end":{"line":87,"column":32}},"34":{"start":{"line":89,"column":4},"end":{"line":89,"column":72}},"35":{"start":{"line":90,"column":4},"end":{"line":90,"column":20}},"36":{"start":{"line":99,"column":2},"end":{"line":123,"column":3}},"37":{"start":{"line":100,"column":17},"end":{"line":100,"column":38}},"38":{"start":{"line":101,"column":22},"end":{"line":101,"column":41}},"39":{"start":{"line":104,"column":4},"end":{"line":118,"column":5}},"40":{"start":{"line":105,"column":6},"end":{"line":105,"column":49}},"41":{"start":{"line":106,"column":6},"end":{"line":106,"column":18}},"42":{"start":{"line":108,"column":6},"end":{"line":108,"column":99}},"43":{"start":{"line":109,"column":6},"end":{"line":109,"column":74}},"44":{"start":{"line":109,"column":37},"end":{"line":109,"column":72}},"45":{"start":{"line":110,"column":6},"end":{"line":117,"column":7}},"46":{"start":{"line":111,"column":8},"end":{"line":111,"column":51}},"47":{"start":{"line":112,"column":8},"end":{"line":112,"column":20}},"48":{"start":{"line":114,"column":8},"end":{"line":114,"column":95}},"49":{"start":{"line":115,"column":8},"end":{"line":115,"column":64}},"50":{"start":{"line":116,"column":8},"end":{"line":116,"column":21}},"51":{"start":{"line":120,"column":4},"end":{"line":120,"column":70}},"52":{"start":{"line":121,"column":4},"end":{"line":121,"column":60}},"53":{"start":{"line":122,"column":4},"end":{"line":122,"column":17}}},"fnMap":{"0":{"name":"loadFromStorage","decl":{"start":{"line":19,"column":22},"end":{"line":19,"column":37}},"loc":{"start":{"line":19,"column":79},"end":{"line":28,"column":1}},"line":19},"1":{"name":"persistToStorage","decl":{"start":{"line":34,"column":22},"end":{"line":34,"column":38}},"loc":{"start":{"line":34,"column":83},"end":{"line":52,"column":1}},"line":34},"2":{"name":"(anonymous_2)","decl":{"start":{"line":42,"column":22},"end":{"line":42,"column":23}},"loc":{"start":{"line":42,"column":35},"end":{"line":42,"column":70}},"line":42},"3":{"name":"removeFromStorage","decl":{"start":{"line":57,"column":22},"end":{"line":57,"column":39}},"loc":{"start":{"line":57,"column":71},"end":{"line":65,"column":1}},"line":57},"4":{"name":"loadEncrypted","decl":{"start":{"line":75,"column":22},"end":{"line":75,"column":35}},"loc":{"start":{"line":75,"column":77},"end":{"line":92,"column":1}},"line":75},"5":{"name":"persistEncrypted","decl":{"start":{"line":98,"column":22},"end":{"line":98,"column":38}},"loc":{"start":{"line":98,"column":83},"end":{"line":124,"column":1}},"line":98},"6":{"name":"(anonymous_6)","decl":{"start":{"line":109,"column":24},"end":{"line":109,"column":25}},"loc":{"start":{"line":109,"column":37},"end":{"line":109,"column":72}},"line":109}},"branchMap":{"0":{"loc":{"start":{"line":22,"column":4},"end":{"line":22,"column":38}},"type":"if","locations":[{"start":{"line":22,"column":4},"end":{"line":22,"column":38}},{"start":{},"end":{}}],"line":22},"1":{"loc":{"start":{"line":78,"column":4},"end":{"line":78,"column":38}},"type":"if","locations":[{"start":{"line":78,"column":4},"end":{"line":78,"column":38}},{"start":{},"end":{}}],"line":78},"2":{"loc":{"start":{"line":81,"column":4},"end":{"line":84,"column":5}},"type":"if","locations":[{"start":{"line":81,"column":4},"end":{"line":84,"column":5}},{"start":{},"end":{}}],"line":81}},"s":{"0":1,"1":4,"2":4,"3":3,"4":1,"5":2,"6":2,"7":2,"8":3,"9":3,"10":3,"11":1,"12":2,"13":2,"14":2,"15":2,"16":2,"17":1,"18":1,"19":1,"20":1,"21":2,"22":2,"23":1,"24":1,"25":1,"26":3,"27":3,"28":3,"29":1,"30":2,"31":1,"32":1,"33":1,"34":0,"35":0,"36":1,"37":1,"38":1,"39":1,"40":1,"41":1,"42":0,"43":0,"44":0,"45":0,"46":0,"47":0,"48":0,"49":0,"50":0,"51":0,"52":0,"53":0},"f":{"0":4,"1":3,"2":2,"3":2,"4":3,"5":1,"6":0},"b":{"0":[1,2],"1":[1,2],"2":[1,1]},"_coverageSchema":"1a1c01bbd47fc00a2c39e90264f33305004495a9","hash":"839123508ca8edf13a27bfc39e45e26c3871c9a1"}
,"C:\\Users\\dinam\\OneDrive\\Desktop\\antigravityprojects\\jandarma\\Gendarme\\store\\searchStore.ts": {"path":"C:\\Users\\dinam\\OneDrive\\Desktop\\antigravityprojects\\jandarma\\Gendarme\\store\\searchStore.ts","statementMap":{"0":{"start":{"line":12,"column":20},"end":{"line":12,"column":49}},"1":{"start":{"line":13,"column":20},"end":{"line":13,"column":22}},"2":{"start":{"line":15,"column":30},"end":{"line":36,"column":3}},"3":{"start":{"line":15,"column":65},"end":{"line":36,"column":1}},"4":{"start":{"line":20,"column":24},"end":{"line":20,"column":72}},"5":{"start":{"line":21,"column":8},"end":{"line":21,"column":39}},"6":{"start":{"line":25,"column":22},"end":{"line":25,"column":27}},"7":{"start":{"line":26,"column":25},"end":{"line":26,"column":65}},"8":{"start":{"line":26,"column":53},"end":{"line":26,"column":64}},"9":{"start":{"line":27,"column":21},"end":{"line":27,"column":63}},"10":{"start":{"line":28,"column":8},"end":{"line":28,"column":31}},"11":{"start":{"line":29,"column":8},"end":{"line":29,"column":44}},"12":{"start":{"line":33,"column":8},"end":{"line":33,"column":29}},"13":{"start":{"line":34,"column":8},"end":{"line":34,"column":39}}},"fnMap":{"0":{"name":"(anonymous_0)","decl":{"start":{"line":15,"column":50},"end":{"line":15,"column":51}},"loc":{"start":{"line":15,"column":65},"end":{"line":36,"column":1}},"line":15},"1":{"name":"(anonymous_1)","decl":{"start":{"line":19,"column":10},"end":{"line":19,"column":11}},"loc":{"start":{"line":19,"column":22},"end":{"line":22,"column":5}},"line":19},"2":{"name":"(anonymous_2)","decl":{"start":{"line":24,"column":14},"end":{"line":24,"column":15}},"loc":{"start":{"line":24,"column":25},"end":{"line":30,"column":5}},"line":24},"3":{"name":"(anonymous_3)","decl":{"start":{"line":26,"column":46},"end":{"line":26,"column":47}},"loc":{"start":{"line":26,"column":53},"end":{"line":26,"column":64}},"line":26},"4":{"name":"(anonymous_4)","decl":{"start":{"line":32,"column":11},"end":{"line":32,"column":12}},"loc":{"start":{"line":32,"column":17},"end":{"line":35,"column":5}},"line":32}},"branchMap":{},"s":{"0":1,"1":1,"2":1,"3":1,"4":0,"5":0,"6":21,"7":21,"8":99,"9":21,"10":21,"11":21,"12":1,"13":1},"f":{"0":1,"1":0,"2":21,"3":99,"4":1},"b":{},"_coverageSchema":"1a1c01bbd47fc00a2c39e90264f33305004495a9","hash":"f7524117d79d3331e58c324b5e499ee2bb64066f"}
}
