TN:
SF:lib\cleanup.ts
FN:17,cleanupPDFTempFiles
FNF:1
FNH:1
FNDA:5,cleanupPDFTempFiles
DA:11,1
DA:19,5
DA:20,0
DA:23,5
DA:24,5
DA:25,5
DA:26,4
DA:27,4
DA:29,4
DA:31,6
DA:33,3
DA:34,3
DA:35,3
DA:36,2
DA:37,2
DA:38,2
DA:39,1
DA:40,1
DA:48,4
DA:49,1
DA:52,1
LF:21
LH:20
BRDA:19,0,0,0
BRDA:19,0,1,5
BRDA:19,1,0,5
BRDA:19,1,1,5
BRDA:31,2,0,3
BRDA:31,2,1,3
BRDA:36,3,0,2
BRDA:36,3,1,0
BRDA:36,4,0,2
BRDA:36,4,1,2
BRDA:38,5,0,1
BRDA:38,5,1,1
BRDA:48,6,0,1
BRDA:48,6,1,3
BRF:14
BRH:12
end_of_record
TN:
SF:lib\crypto.ts
FN:27,generateKey
FN:33,(anonymous_1)
FN:43,getEncryptionKey
FN:75,xorObfuscate
FN:81,(anonymous_4)
FN:84,xorDeobfuscate
FN:97,encrypt
FN:105,decrypt
FN:114,isEncrypted
FNF:9
FNH:7
FNDA:0,generateKey
FNDA:0,(anonymous_1)
FNDA:11,getEncryptionKey
FNDA:7,xorObfuscate
FNDA:98,(anonymous_4)
FNDA:4,xorDeobfuscate
FNDA:7,encrypt
FNDA:4,decrypt
FNDA:12,isEncrypted
DA:20,1
DA:28,0
DA:29,0
DA:30,0
DA:32,0
DA:33,0
DA:37,1
DA:44,11
DA:47,1
DA:48,0
DA:49,0
DA:52,1
DA:53,1
DA:54,1
DA:55,1
DA:56,1
DA:59,0
DA:60,0
DA:61,0
DA:62,0
DA:64,0
DA:66,0
DA:67,0
DA:76,7
DA:77,7
DA:78,98
DA:81,98
DA:85,4
DA:86,4
DA:87,76
DA:88,76
DA:89,76
DA:91,4
DA:98,7
DA:99,7
DA:106,4
DA:107,4
DA:115,12
DA:116,6
LF:39
LH:25
BRDA:44,0,0,10
BRDA:44,0,1,1
BRDA:47,1,0,0
BRDA:47,1,1,1
BRDA:54,2,0,1
BRDA:54,2,1,0
BRDA:115,3,0,6
BRDA:115,3,1,6
BRDA:115,4,0,12
BRDA:115,4,1,11
BRF:10
BRH:8
end_of_record
TN:
SF:lib\html.ts
FN:21,escapeHtml
FN:23,(anonymous_1)
FNF:2
FNH:2
FNDA:11,escapeHtml
FNDA:15,(anonymous_1)
DA:6,1
DA:14,1
DA:22,11
DA:23,15
LF:4
LH:4
BRDA:22,0,0,3
BRDA:22,0,1,8
BRDA:23,1,0,15
BRDA:23,1,1,0
BRF:4
BRH:3
end_of_record
TN:
SF:lib\pdf.ts
FN:18,generatePDFHTML
FN:129,buildFormContentHTML
FN:173,generatePDF
FN:184,sharePDF
FN:198,printPDF
FNF:5
FNH:0
FNDA:0,generatePDFHTML
FNDA:0,buildFormContentHTML
FNDA:0,generatePDF
FNDA:0,sharePDF
FNDA:0,printPDF
DA:19,0
DA:20,0
DA:21,0
DA:22,0
DA:23,0
DA:24,0
DA:25,0
DA:26,0
DA:27,0
DA:29,0
DA:133,0
DA:134,0
DA:147,0
DA:152,0
DA:153,0
DA:154,0
DA:155,0
DA:156,0
DA:159,0
DA:160,0
DA:161,0
DA:162,0
DA:163,0
DA:164,0
DA:165,0
DA:166,0
DA:168,0
DA:170,0
DA:174,0
DA:175,0
DA:176,0
DA:177,0
DA:179,0
DA:180,0
DA:185,0
DA:186,0
DA:187,0
DA:188,0
DA:194,0
DA:199,0
DA:200,0
DA:201,0
DA:203,0
LF:43
LH:0
BRDA:19,0,0,0
BRDA:19,0,1,0
BRDA:20,1,0,0
BRDA:20,1,1,0
BRDA:21,2,0,0
BRDA:21,2,1,0
BRDA:21,3,0,0
BRDA:21,3,1,0
BRDA:22,4,0,0
BRDA:22,4,1,0
BRDA:23,5,0,0
BRDA:23,5,1,0
BRDA:25,6,0,0
BRDA:25,6,1,0
BRDA:26,7,0,0
BRDA:26,7,1,0
BRDA:27,8,0,0
BRDA:27,8,1,0
BRDA:153,9,0,0
BRDA:153,9,1,0
BRDA:154,10,0,0
BRDA:154,10,1,0
BRDA:155,11,0,0
BRDA:155,11,1,0
BRDA:156,12,0,0
BRDA:156,12,1,0
BRDA:161,13,0,0
BRDA:161,13,1,0
BRDA:187,14,0,0
BRDA:187,14,1,0
BRF:30
BRH:0
end_of_record
TN:
SF:lib\search.ts
FN:32,normalizeTurkish
FN:49,matches
FN:54,getStepText
FN:65,(anonymous_3)
FN:88,(anonymous_4)
FN:104,(anonymous_5)
FN:144,getSearchEngine
FN:148,setSearchEngine
FN:153,search
FNF:9
FNH:9
FNDA:751,normalizeTurkish
FNDA:370,matches
FNDA:665,getStepText
FNDA:7,(anonymous_3)
FNDA:16,(anonymous_4)
FNDA:263,(anonymous_5)
FNDA:2,getSearchEngine
FNDA:2,setSearchEngine
FNDA:8,search
DA:33,751
DA:50,370
DA:55,665
DA:66,7
DA:67,2
DA:70,5
DA:71,5
DA:72,5
DA:74,5
DA:75,5
DA:76,5
DA:79,5
DA:80,65
DA:87,65
DA:88,16
DA:89,10
DA:100,65
DA:101,65
DA:102,240
DA:103,240
DA:104,263
DA:105,25
DA:106,23
DA:121,5
DA:122,65
DA:123,0
DA:133,5
DA:142,1
DA:145,2
DA:149,2
DA:154,8
LF:31
LH:30
BRDA:66,0,0,2
BRDA:66,0,1,5
BRDA:66,1,0,7
BRDA:66,1,1,6
BRDA:84,2,0,65
BRDA:84,2,1,0
BRDA:87,3,0,10
BRDA:87,3,1,55
BRDA:100,4,0,65
BRDA:100,4,1,0
BRDA:102,5,0,240
BRDA:102,5,1,185
BRDA:103,6,0,25
BRDA:103,6,1,215
BRDA:105,7,0,23
BRDA:105,7,1,2
BRDA:110,8,0,23
BRDA:110,8,1,12
BRDA:122,9,0,0
BRDA:122,9,1,65
BRF:20
BRH:17
end_of_record
TN:
SF:lib\validation.ts
FN:23,validateField
FN:48,validateForm
FNF:2
FNH:2
FNDA:22,validateField
FNDA:3,validateForm
DA:3,1
DA:7,1
DA:11,1
DA:15,1
DA:19,1
DA:28,22
DA:29,4
DA:31,18
DA:34,13
DA:35,9
DA:36,9
DA:40,9
DA:41,2
DA:42,2
DA:45,8
DA:52,3
DA:53,3
DA:54,9
DA:55,9
DA:56,3
DA:59,3
LF:21
LH:21
BRDA:28,0,0,4
BRDA:28,0,1,18
BRDA:28,1,0,22
BRDA:28,1,1,6
BRDA:28,1,2,3
BRDA:31,2,0,5
BRDA:31,2,1,13
BRDA:31,3,0,18
BRDA:31,3,1,14
BRDA:34,4,0,9
BRDA:34,4,1,4
BRDA:34,5,0,13
BRDA:34,5,1,5
BRDA:36,6,0,4
BRDA:36,6,1,5
BRDA:40,7,0,2
BRDA:40,7,1,7
BRDA:42,8,0,1
BRDA:42,8,1,1
BRDA:54,9,0,9
BRDA:54,9,1,5
BRDA:55,10,0,3
BRDA:55,10,1,6
BRF:23
BRH:23
end_of_record
TN:
SF:store\draftsStore.ts
FN:25,(anonymous_0)
FN:29,(anonymous_1)
FN:34,(anonymous_2)
FN:36,(anonymous_3)
FN:42,(anonymous_4)
FN:43,(anonymous_5)
FN:48,(anonymous_6)
FN:49,(anonymous_7)
FN:52,(anonymous_8)
FN:54,(anonymous_9)
FNF:10
FNH:0
FNDA:0,(anonymous_0)
FNDA:0,(anonymous_1)
FNDA:0,(anonymous_2)
FNDA:0,(anonymous_3)
FNDA:0,(anonymous_4)
FNDA:0,(anonymous_5)
FNDA:0,(anonymous_6)
FNDA:0,(anonymous_7)
FNDA:0,(anonymous_8)
FNDA:0,(anonymous_9)
DA:23,0
DA:25,0
DA:30,0
DA:31,0
DA:35,0
DA:36,0
DA:37,0
DA:38,0
DA:39,0
DA:43,0
DA:44,0
DA:45,0
DA:49,0
DA:53,0
DA:54,0
LF:15
LH:0
BRF:0
BRH:0
end_of_record
TN:
SF:store\favoritesStore.ts
FN:26,(anonymous_0)
FN:30,(anonymous_1)
FN:35,(anonymous_2)
FN:37,(anonymous_3)
FN:40,(anonymous_4)
FN:57,(anonymous_5)
FN:58,(anonymous_6)
FN:61,(anonymous_7)
FN:62,(anonymous_8)
FN:67,(anonymous_9)
FN:68,(anonymous_10)
FNF:11
FNH:10
FNDA:1,(anonymous_0)
FNDA:0,(anonymous_1)
FNDA:8,(anonymous_2)
FNDA:3,(anonymous_3)
FNDA:1,(anonymous_4)
FNDA:2,(anonymous_5)
FNDA:1,(anonymous_6)
FNDA:1,(anonymous_7)
FNDA:2,(anonymous_8)
FNDA:3,(anonymous_9)
FNDA:6,(anonymous_10)
DA:24,1
DA:26,1
DA:31,0
DA:32,0
DA:36,8
DA:37,8
DA:39,8
DA:40,1
DA:42,7
DA:53,8
DA:54,8
DA:58,2
DA:62,2
DA:63,1
DA:64,1
DA:68,6
LF:16
LH:14
BRDA:39,0,0,1
BRDA:39,0,1,7
BRF:2
BRH:2
end_of_record
TN:
SF:store\persistence.ts
FN:19,loadFromStorage
FN:34,persistToStorage
FN:42,(anonymous_2)
FN:57,removeFromStorage
FN:75,loadEncrypted
FN:98,persistEncrypted
FN:109,(anonymous_6)
FNF:7
FNH:6
FNDA:4,loadFromStorage
FNDA:3,persistToStorage
FNDA:2,(anonymous_2)
FNDA:2,removeFromStorage
FNDA:3,loadEncrypted
FNDA:1,persistEncrypted
FNDA:0,(anonymous_6)
DA:13,1
DA:20,4
DA:21,4
DA:22,3
DA:23,2
DA:25,2
DA:26,2
DA:35,3
DA:36,3
DA:37,3
DA:38,1
DA:40,2
DA:42,2
DA:43,2
DA:44,2
DA:45,1
DA:47,1
DA:48,1
DA:49,1
DA:58,2
DA:59,2
DA:60,1
DA:62,1
DA:63,1
DA:76,3
DA:77,3
DA:78,3
DA:81,2
DA:82,1
DA:83,1
DA:87,1
DA:89,0
DA:90,0
DA:99,1
DA:100,1
DA:101,1
DA:104,1
DA:105,1
DA:106,1
DA:108,0
DA:109,0
DA:110,0
DA:111,0
DA:112,0
DA:114,0
DA:115,0
DA:116,0
DA:120,0
DA:121,0
DA:122,0
LF:50
LH:37
BRDA:22,0,0,1
BRDA:22,0,1,2
BRDA:78,1,0,1
BRDA:78,1,1,2
BRDA:81,2,0,1
BRDA:81,2,1,1
BRF:6
BRH:6
end_of_record
TN:
SF:store\searchStore.ts
FN:15,(anonymous_0)
FN:19,(anonymous_1)
FN:24,(anonymous_2)
FN:26,(anonymous_3)
FN:32,(anonymous_4)
FNF:5
FNH:4
FNDA:1,(anonymous_0)
FNDA:0,(anonymous_1)
FNDA:21,(anonymous_2)
FNDA:99,(anonymous_3)
FNDA:1,(anonymous_4)
DA:12,1
DA:13,1
DA:15,1
DA:20,0
DA:21,0
DA:25,21
DA:26,99
DA:27,21
DA:28,21
DA:29,21
DA:33,1
DA:34,1
LF:12
LH:10
BRF:0
BRH:0
end_of_record
